# JRE version: OpenJDK Runtime Environment Temurin-21.0.6+7 (21.0.6+7) (build 21.0.6+7-LTS)
# Java VM: OpenJDK 64-Bit Server VM Temurin-21.0.6+7 (21.0.6+7-LTS, mixed mode, sharing, tiered, compressed oops, compressed class ptrs, parallel gc, windows-amd64)
GC Precious Log:
 CardTable entry size: 512
 CPUs: 4 total, 4 available
 Memory: 8071M
 Large Page Support: Disabled
 NUMA Support: Disabled
 Compressed Oops: Enabled (32-bit)
 Alignments: Space 512K, Generation 512K, Heap 2M
 Heap Min Capacity: 100M
 Heap Initial Capacity: 100M
 Heap Max Capacity: 1G
 Pre-touch: Disabled
 Parallel Workers: 4
Heap:
 PSYoungGen      total 8192K, used 4283K [0x00000000eab00000, 0x00000000eb400000, 0x0000000100000000)
  eden space 7168K, 51% used [0x00000000eab00000,0x00000000eae96ed0,0x00000000eb200000)
  from space 1024K, 59% used [0x00000000eb200000,0x00000000eb298060,0x00000000eb300000)
  to   space 1024K, 0% used [0x00000000eb300000,0x00000000eb300000,0x00000000eb400000)
 ParOldGen       total 368128K, used 367795K [0x00000000c0000000, 0x00000000d6780000, 0x00000000eab00000)
  object space 368128K, 99% used [0x00000000c0000000,0x00000000d672cea0,0x00000000d6780000)
 Metaspace       used 61336K, committed 62848K, reserved 1114112K
  class space    used 6217K, committed 6912K, reserved 1048576K
GC Heap History (20 events):
Event: 40.246 GC heap before
{Heap before GC invocations=260 (full 4):
 PSYoungGen      total 7168K, used 7141K [0x00000000eab00000, 0x00000000ebc00000, 0x0000000100000000)
  eden space 4096K, 100% used [0x00000000eab00000,0x00000000eaf00000,0x00000000eaf00000)
  from space 3072K, 99% used [0x00000000eaf00000,0x00000000eb1f9420,0x00000000eb200000)
  to   space 6656K, 0% used [0x00000000eb580000,0x00000000eb580000,0x00000000ebc00000)
 ParOldGen       total 360448K, used 360368K [0x00000000c0000000, 0x00000000d6000000, 0x00000000eab00000)
  object space 360448K, 99% used [0x00000000c0000000,0x00000000d5fec220,0x00000000d6000000)
 Metaspace       used 59794K, committed 61184K, reserved 1114112K
  class space    used 6180K, committed 6848K, reserved 1048576K
}
Event: 40.252 GC heap after
{Heap after GC invocations=260 (full 4):
 PSYoungGen      total 9216K, used 3624K [0x00000000eab00000, 0x00000000eb980000, 0x0000000100000000)
  eden space 5120K, 0% used [0x00000000eab00000,0x00000000eab00000,0x00000000eb000000)
  from space 4096K, 88% used [0x00000000eb580000,0x00000000eb90a018,0x00000000eb980000)
  to   space 4608K, 0% used [0x00000000eb080000,0x00000000eb080000,0x00000000eb500000)
 ParOldGen       total 361984K, used 361552K [0x00000000c0000000, 0x00000000d6180000, 0x00000000eab00000)
  object space 361984K, 99% used [0x00000000c0000000,0x00000000d61141f0,0x00000000d6180000)
 Metaspace       used 59794K, committed 61184K, reserved 1114112K
  class space    used 6180K, committed 6848K, reserved 1048576K
}
Event: 40.336 GC heap before
{Heap before GC invocations=261 (full 4):
 PSYoungGen      total 9216K, used 8657K [0x00000000eab00000, 0x00000000eb980000, 0x0000000100000000)
  eden space 5120K, 98% used [0x00000000eab00000,0x00000000eafea7a0,0x00000000eb000000)
  from space 4096K, 88% used [0x00000000eb580000,0x00000000eb90a018,0x00000000eb980000)
  to   space 4608K, 0% used [0x00000000eb080000,0x00000000eb080000,0x00000000eb500000)
 ParOldGen       total 361984K, used 361552K [0x00000000c0000000, 0x00000000d6180000, 0x00000000eab00000)
  object space 361984K, 99% used [0x00000000c0000000,0x00000000d61141f0,0x00000000d6180000)
 Metaspace       used 59796K, committed 61184K, reserved 1114112K
  class space    used 6180K, committed 6848K, reserved 1048576K
}
Event: 40.342 GC heap after
{Heap after GC invocations=261 (full 4):
 PSYoungGen      total 8192K, used 2520K [0x00000000eab00000, 0x00000000eb700000, 0x0000000100000000)
  eden space 5632K, 0% used [0x00000000eab00000,0x00000000eab00000,0x00000000eb080000)
  from space 2560K, 98% used [0x00000000eb080000,0x00000000eb2f6358,0x00000000eb300000)
  to   space 3072K, 0% used [0x00000000eb400000,0x00000000eb400000,0x00000000eb700000)
 ParOldGen       total 365056K, used 364827K [0x00000000c0000000, 0x00000000d6480000, 0x00000000eab00000)
  object space 365056K, 99% used [0x00000000c0000000,0x00000000d6446f10,0x00000000d6480000)
 Metaspace       used 59796K, committed 61184K, reserved 1114112K
  class space    used 6180K, committed 6848K, reserved 1048576K
}
Event: 90.808 GC heap before
{Heap before GC invocations=262 (full 4):
 PSYoungGen      total 8192K, used 8152K [0x00000000eab00000, 0x00000000eb700000, 0x0000000100000000)
  eden space 5632K, 99% used [0x00000000eab00000,0x00000000eb07ffe0,0x00000000eb080000)
  from space 2560K, 98% used [0x00000000eb080000,0x00000000eb2f6358,0x00000000eb300000)
  to   space 3072K, 0% used [0x00000000eb400000,0x00000000eb400000,0x00000000eb700000)
 ParOldGen       total 365056K, used 364827K [0x00000000c0000000, 0x00000000d6480000, 0x00000000eab00000)
  object space 365056K, 99% used [0x00000000c0000000,0x00000000d6446f10,0x00000000d6480000)
 Metaspace       used 59908K, committed 61312K, reserved 1114112K
  class space    used 6191K, committed 6848K, reserved 1048576K
}
Event: 90.813 GC heap after
{Heap after GC invocations=262 (full 4):
 PSYoungGen      total 8192K, used 336K [0x00000000eab00000, 0x00000000eb500000, 0x0000000100000000)
  eden space 7168K, 0% used [0x00000000eab00000,0x00000000eab00000,0x00000000eb200000)
  from space 1024K, 32% used [0x00000000eb400000,0x00000000eb454008,0x00000000eb500000)
  to   space 1536K, 0% used [0x00000000eb200000,0x00000000eb200000,0x00000000eb380000)
 ParOldGen       total 367616K, used 367243K [0x00000000c0000000, 0x00000000d6700000, 0x00000000eab00000)
  object space 367616K, 99% used [0x00000000c0000000,0x00000000d66a2e28,0x00000000d6700000)
 Metaspace       used 59908K, committed 61312K, reserved 1114112K
  class space    used 6191K, committed 6848K, reserved 1048576K
}
Event: 91.721 GC heap before
{Heap before GC invocations=263 (full 4):
 PSYoungGen      total 8192K, used 7503K [0x00000000eab00000, 0x00000000eb500000, 0x0000000100000000)
  eden space 7168K, 99% used [0x00000000eab00000,0x00000000eb1fffd0,0x00000000eb200000)
  from space 1024K, 32% used [0x00000000eb400000,0x00000000eb454008,0x00000000eb500000)
  to   space 1536K, 0% used [0x00000000eb200000,0x00000000eb200000,0x00000000eb380000)
 ParOldGen       total 367616K, used 367243K [0x00000000c0000000, 0x00000000d6700000, 0x00000000eab00000)
  object space 367616K, 99% used [0x00000000c0000000,0x00000000d66a2e28,0x00000000d6700000)
 Metaspace       used 60186K, committed 61632K, reserved 1114112K
  class space    used 6204K, committed 6848K, reserved 1048576K
}
Event: 91.724 GC heap after
{Heap after GC invocations=263 (full 4):
 PSYoungGen      total 8704K, used 816K [0x00000000eab00000, 0x00000000eb480000, 0x0000000100000000)
  eden space 7168K, 0% used [0x00000000eab00000,0x00000000eab00000,0x00000000eb200000)
  from space 1536K, 53% used [0x00000000eb200000,0x00000000eb2cc010,0x00000000eb380000)
  to   space 1024K, 0% used [0x00000000eb380000,0x00000000eb380000,0x00000000eb480000)
 ParOldGen       total 367616K, used 367467K [0x00000000c0000000, 0x00000000d6700000, 0x00000000eab00000)
  object space 367616K, 99% used [0x00000000c0000000,0x00000000d66dae40,0x00000000d6700000)
 Metaspace       used 60186K, committed 61632K, reserved 1114112K
  class space    used 6204K, committed 6848K, reserved 1048576K
}
Event: 92.257 GC heap before
{Heap before GC invocations=264 (full 4):
 PSYoungGen      total 8704K, used 7984K [0x00000000eab00000, 0x00000000eb480000, 0x0000000100000000)
  eden space 7168K, 100% used [0x00000000eab00000,0x00000000eb200000,0x00000000eb200000)
  from space 1536K, 53% used [0x00000000eb200000,0x00000000eb2cc010,0x00000000eb380000)
  to   space 1024K, 0% used [0x00000000eb380000,0x00000000eb380000,0x00000000eb480000)
 ParOldGen       total 367616K, used 367467K [0x00000000c0000000, 0x00000000d6700000, 0x00000000eab00000)
  object space 367616K, 99% used [0x00000000c0000000,0x00000000d66dae40,0x00000000d6700000)
 Metaspace       used 60338K, committed 61760K, reserved 1114112K
  class space    used 6206K, committed 6848K, reserved 1048576K
}
Event: 92.261 GC heap after
{Heap after GC invocations=264 (full 4):
 PSYoungGen      total 8192K, used 512K [0x00000000eab00000, 0x00000000eb480000, 0x0000000100000000)
  eden space 7168K, 0% used [0x00000000eab00000,0x00000000eab00000,0x00000000eb200000)
  from space 1024K, 50% used [0x00000000eb380000,0x00000000eb400040,0x00000000eb480000)
  to   space 1024K, 0% used [0x00000000eb280000,0x00000000eb280000,0x00000000eb380000)
 ParOldGen       total 367616K, used 367547K [0x00000000c0000000, 0x00000000d6700000, 0x00000000eab00000)
  object space 367616K, 99% used [0x00000000c0000000,0x00000000d66eee40,0x00000000d6700000)
 Metaspace       used 60338K, committed 61760K, reserved 1114112K
  class space    used 6206K, committed 6848K, reserved 1048576K
}
Event: 92.542 GC heap before
{Heap before GC invocations=265 (full 4):
 PSYoungGen      total 8192K, used 7680K [0x00000000eab00000, 0x00000000eb480000, 0x0000000100000000)
  eden space 7168K, 100% used [0x00000000eab00000,0x00000000eb200000,0x00000000eb200000)
  from space 1024K, 50% used [0x00000000eb380000,0x00000000eb400040,0x00000000eb480000)
  to   space 1024K, 0% used [0x00000000eb280000,0x00000000eb280000,0x00000000eb380000)
 ParOldGen       total 367616K, used 367547K [0x00000000c0000000, 0x00000000d6700000, 0x00000000eab00000)
  object space 367616K, 99% used [0x00000000c0000000,0x00000000d66eee40,0x00000000d6700000)
 Metaspace       used 60596K, committed 62016K, reserved 1114112K
  class space    used 6209K, committed 6848K, reserved 1048576K
}
Event: 92.548 GC heap after
{Heap after GC invocations=265 (full 4):
 PSYoungGen      total 8192K, used 912K [0x00000000eab00000, 0x00000000eb400000, 0x0000000100000000)
  eden space 7168K, 0% used [0x00000000eab00000,0x00000000eab00000,0x00000000eb200000)
  from space 1024K, 89% used [0x00000000eb280000,0x00000000eb364030,0x00000000eb380000)
  to   space 512K, 0% used [0x00000000eb380000,0x00000000eb380000,0x00000000eb400000)
 ParOldGen       total 368128K, used 367667K [0x00000000c0000000, 0x00000000d6780000, 0x00000000eab00000)
  object space 368128K, 99% used [0x00000000c0000000,0x00000000d670ce70,0x00000000d6780000)
 Metaspace       used 60596K, committed 62016K, reserved 1114112K
  class space    used 6209K, committed 6848K, reserved 1048576K
}
Event: 92.893 GC heap before
{Heap before GC invocations=266 (full 4):
 PSYoungGen      total 8192K, used 8080K [0x00000000eab00000, 0x00000000eb400000, 0x0000000100000000)
  eden space 7168K, 99% used [0x00000000eab00000,0x00000000eb1ffff0,0x00000000eb200000)
  from space 1024K, 89% used [0x00000000eb280000,0x00000000eb364030,0x00000000eb380000)
  to   space 512K, 0% used [0x00000000eb380000,0x00000000eb380000,0x00000000eb400000)
 ParOldGen       total 368128K, used 367667K [0x00000000c0000000, 0x00000000d6780000, 0x00000000eab00000)
  object space 368128K, 99% used [0x00000000c0000000,0x00000000d670ce70,0x00000000d6780000)
 Metaspace       used 60745K, committed 62144K, reserved 1114112K
  class space    used 6210K, committed 6848K, reserved 1048576K
}
Event: 92.899 GC heap after
{Heap after GC invocations=266 (full 4):
 PSYoungGen      total 7680K, used 384K [0x00000000eab00000, 0x00000000eb400000, 0x0000000100000000)
  eden space 7168K, 0% used [0x00000000eab00000,0x00000000eab00000,0x00000000eb200000)
  from space 512K, 75% used [0x00000000eb380000,0x00000000eb3e0040,0x00000000eb400000)
  to   space 1024K, 0% used [0x00000000eb200000,0x00000000eb200000,0x00000000eb300000)
 ParOldGen       total 368128K, used 367771K [0x00000000c0000000, 0x00000000d6780000, 0x00000000eab00000)
  object space 368128K, 99% used [0x00000000c0000000,0x00000000d6726ea0,0x00000000d6780000)
 Metaspace       used 60745K, committed 62144K, reserved 1114112K
  class space    used 6210K, committed 6848K, reserved 1048576K
}
Event: 94.737 GC heap before
{Heap before GC invocations=267 (full 4):
 PSYoungGen      total 7680K, used 7552K [0x00000000eab00000, 0x00000000eb400000, 0x0000000100000000)
  eden space 7168K, 100% used [0x00000000eab00000,0x00000000eb200000,0x00000000eb200000)
  from space 512K, 75% used [0x00000000eb380000,0x00000000eb3e0040,0x00000000eb400000)
  to   space 1024K, 0% used [0x00000000eb200000,0x00000000eb200000,0x00000000eb300000)
 ParOldGen       total 368128K, used 367771K [0x00000000c0000000, 0x00000000d6780000, 0x00000000eab00000)
  object space 368128K, 99% used [0x00000000c0000000,0x00000000d6726ea0,0x00000000d6780000)
 Metaspace       used 60911K, committed 62336K, reserved 1114112K
  class space    used 6213K, committed 6848K, reserved 1048576K
}
Event: 94.739 GC heap after
{Heap after GC invocations=267 (full 4):
 PSYoungGen      total 8192K, used 752K [0x00000000eab00000, 0x00000000eb400000, 0x0000000100000000)
  eden space 7168K, 0% used [0x00000000eab00000,0x00000000eab00000,0x00000000eb200000)
  from space 1024K, 73% used [0x00000000eb200000,0x00000000eb2bc030,0x00000000eb300000)
  to   space 1024K, 0% used [0x00000000eb300000,0x00000000eb300000,0x00000000eb400000)
 ParOldGen       total 368128K, used 367779K [0x00000000c0000000, 0x00000000d6780000, 0x00000000eab00000)
  object space 368128K, 99% used [0x00000000c0000000,0x00000000d6728ea0,0x00000000d6780000)
 Metaspace       used 60911K, committed 62336K, reserved 1114112K
  class space    used 6213K, committed 6848K, reserved 1048576K
}
Event: 95.318 GC heap before
{Heap before GC invocations=268 (full 4):
 PSYoungGen      total 8192K, used 7920K [0x00000000eab00000, 0x00000000eb400000, 0x0000000100000000)
  eden space 7168K, 100% used [0x00000000eab00000,0x00000000eb200000,0x00000000eb200000)
  from space 1024K, 73% used [0x00000000eb200000,0x00000000eb2bc030,0x00000000eb300000)
  to   space 1024K, 0% used [0x00000000eb300000,0x00000000eb300000,0x00000000eb400000)
 ParOldGen       total 368128K, used 367779K [0x00000000c0000000, 0x00000000d6780000, 0x00000000eab00000)
  object space 368128K, 99% used [0x00000000c0000000,0x00000000d6728ea0,0x00000000d6780000)
 Metaspace       used 61131K, committed 62528K, reserved 1114112K
  class space    used 6213K, committed 6848K, reserved 1048576K
}
Event: 95.322 GC heap after
{Heap after GC invocations=268 (full 4):
 PSYoungGen      total 8192K, used 432K [0x00000000eab00000, 0x00000000eb400000, 0x0000000100000000)
  eden space 7168K, 0% used [0x00000000eab00000,0x00000000eab00000,0x00000000eb200000)
  from space 1024K, 42% used [0x00000000eb300000,0x00000000eb36c030,0x00000000eb400000)
  to   space 1024K, 0% used [0x00000000eb200000,0x00000000eb200000,0x00000000eb300000)
 ParOldGen       total 368128K, used 367787K [0x00000000c0000000, 0x00000000d6780000, 0x00000000eab00000)
  object space 368128K, 99% used [0x00000000c0000000,0x00000000d672aea0,0x00000000d6780000)
 Metaspace       used 61131K, committed 62528K, reserved 1114112K
  class space    used 6213K, committed 6848K, reserved 1048576K
}
Event: 95.540 GC heap before
{Heap before GC invocations=269 (full 4):
 PSYoungGen      total 8192K, used 7599K [0x00000000eab00000, 0x00000000eb400000, 0x0000000100000000)
  eden space 7168K, 99% used [0x00000000eab00000,0x00000000eb1fffc0,0x00000000eb200000)
  from space 1024K, 42% used [0x00000000eb300000,0x00000000eb36c030,0x00000000eb400000)
  to   space 1024K, 0% used [0x00000000eb200000,0x00000000eb200000,0x00000000eb300000)
 ParOldGen       total 368128K, used 367787K [0x00000000c0000000, 0x00000000d6780000, 0x00000000eab00000)
  object space 368128K, 99% used [0x00000000c0000000,0x00000000d672aea0,0x00000000d6780000)
 Metaspace       used 61257K, committed 62720K, reserved 1114112K
  class space    used 6217K, committed 6912K, reserved 1048576K
}
Event: 95.542 GC heap after
{Heap after GC invocations=269 (full 4):
 PSYoungGen      total 8192K, used 608K [0x00000000eab00000, 0x00000000eb400000, 0x0000000100000000)
  eden space 7168K, 0% used [0x00000000eab00000,0x00000000eab00000,0x00000000eb200000)
  from space 1024K, 59% used [0x00000000eb200000,0x00000000eb298060,0x00000000eb300000)
  to   space 1024K, 0% used [0x00000000eb300000,0x00000000eb300000,0x00000000eb400000)
 ParOldGen       total 368128K, used 367795K [0x00000000c0000000, 0x00000000d6780000, 0x00000000eab00000)
  object space 368128K, 99% used [0x00000000c0000000,0x00000000d672cea0,0x00000000d6780000)
 Metaspace       used 61257K, committed 62720K, reserved 1114112K
  class space    used 6217K, committed 6912K, reserved 1048576K
}

