# JRE version: OpenJDK Runtime Environment Temurin-21.0.6+7 (21.0.6+7) (build 21.0.6+7-LTS)
# Java VM: OpenJDK 64-Bit Server VM Temurin-21.0.6+7 (21.0.6+7-LTS, mixed mode, sharing, tiered, compressed oops, compressed class ptrs, parallel gc, windows-amd64)
GC Precious Log:
 CardTable entry size: 512
 CPUs: 4 total, 4 available
 Memory: 8071M
 Large Page Support: Disabled
 NUMA Support: Disabled
 Compressed Oops: Enabled (32-bit)
 Alignments: Space 512K, Generation 512K, Heap 2M
 Heap Min Capacity: 100M
 Heap Initial Capacity: 100M
 Heap Max Capacity: 1G
 Pre-touch: Disabled
 Parallel Workers: 4
Heap:
 PSYoungGen      total 13312K, used 9855K [0x00000000eab00000, 0x00000000eb980000, 0x0000000100000000)
  eden space 12800K, 75% used [0x00000000eab00000,0x00000000eb477f08,0x00000000eb780000)
  from space 512K, 31% used [0x00000000eb900000,0x00000000eb928000,0x00000000eb980000)
  to   space 512K, 0% used [0x00000000eb880000,0x00000000eb880000,0x00000000eb900000)
 ParOldGen       total 531456K, used 530997K [0x00000000c0000000, 0x00000000e0700000, 0x00000000eab00000)
  object space 531456K, 99% used [0x00000000c0000000,0x00000000e068d450,0x00000000e0700000)
 Metaspace       used 70885K, committed 72320K, reserved 1114112K
  class space    used 7119K, committed 7744K, reserved 1048576K
GC Heap History (20 events):
Event: 110.580 GC heap before
{Heap before GC invocations=448 (full 3):
 PSYoungGen      total 13312K, used 13264K [0x00000000eab00000, 0x00000000eba00000, 0x0000000100000000)
  eden space 12800K, 100% used [0x00000000eab00000,0x00000000eb780000,0x00000000eb780000)
  from space 512K, 90% used [0x00000000eb980000,0x00000000eb9f4010,0x00000000eba00000)
  to   space 512K, 0% used [0x00000000eb900000,0x00000000eb900000,0x00000000eb980000)
 ParOldGen       total 529920K, used 529843K [0x00000000c0000000, 0x00000000e0580000, 0x00000000eab00000)
  object space 529920K, 99% used [0x00000000c0000000,0x00000000e056cda8,0x00000000e0580000)
 Metaspace       used 70609K, committed 72064K, reserved 1114112K
  class space    used 7116K, committed 7744K, reserved 1048576K
}
Event: 110.584 GC heap after
{Heap after GC invocations=448 (full 3):
 PSYoungGen      total 13312K, used 320K [0x00000000eab00000, 0x00000000eba00000, 0x0000000100000000)
  eden space 12800K, 0% used [0x00000000eab00000,0x00000000eab00000,0x00000000eb780000)
  from space 512K, 62% used [0x00000000eb900000,0x00000000eb950000,0x00000000eb980000)
  to   space 512K, 0% used [0x00000000eb980000,0x00000000eb980000,0x00000000eba00000)
 ParOldGen       total 529920K, used 529891K [0x00000000c0000000, 0x00000000e0580000, 0x00000000eab00000)
  object space 529920K, 99% used [0x00000000c0000000,0x00000000e0578da8,0x00000000e0580000)
 Metaspace       used 70609K, committed 72064K, reserved 1114112K
  class space    used 7116K, committed 7744K, reserved 1048576K
}
Event: 110.733 GC heap before
{Heap before GC invocations=449 (full 3):
 PSYoungGen      total 13312K, used 13120K [0x00000000eab00000, 0x00000000eba00000, 0x0000000100000000)
  eden space 12800K, 100% used [0x00000000eab00000,0x00000000eb780000,0x00000000eb780000)
  from space 512K, 62% used [0x00000000eb900000,0x00000000eb950000,0x00000000eb980000)
  to   space 512K, 0% used [0x00000000eb980000,0x00000000eb980000,0x00000000eba00000)
 ParOldGen       total 529920K, used 529891K [0x00000000c0000000, 0x00000000e0580000, 0x00000000eab00000)
  object space 529920K, 99% used [0x00000000c0000000,0x00000000e0578da8,0x00000000e0580000)
 Metaspace       used 70670K, committed 72128K, reserved 1114112K
  class space    used 7116K, committed 7744K, reserved 1048576K
}
Event: 110.734 GC heap after
{Heap after GC invocations=449 (full 3):
 PSYoungGen      total 13312K, used 128K [0x00000000eab00000, 0x00000000eba00000, 0x0000000100000000)
  eden space 12800K, 0% used [0x00000000eab00000,0x00000000eab00000,0x00000000eb780000)
  from space 512K, 25% used [0x00000000eb980000,0x00000000eb9a0000,0x00000000eba00000)
  to   space 512K, 0% used [0x00000000eb900000,0x00000000eb900000,0x00000000eb980000)
 ParOldGen       total 530432K, used 529931K [0x00000000c0000000, 0x00000000e0600000, 0x00000000eab00000)
  object space 530432K, 99% used [0x00000000c0000000,0x00000000e0582da8,0x00000000e0600000)
 Metaspace       used 70670K, committed 72128K, reserved 1114112K
  class space    used 7116K, committed 7744K, reserved 1048576K
}
Event: 110.889 GC heap before
{Heap before GC invocations=450 (full 3):
 PSYoungGen      total 13312K, used 12928K [0x00000000eab00000, 0x00000000eba00000, 0x0000000100000000)
  eden space 12800K, 100% used [0x00000000eab00000,0x00000000eb780000,0x00000000eb780000)
  from space 512K, 25% used [0x00000000eb980000,0x00000000eb9a0000,0x00000000eba00000)
  to   space 512K, 0% used [0x00000000eb900000,0x00000000eb900000,0x00000000eb980000)
 ParOldGen       total 530432K, used 529931K [0x00000000c0000000, 0x00000000e0600000, 0x00000000eab00000)
  object space 530432K, 99% used [0x00000000c0000000,0x00000000e0582da8,0x00000000e0600000)
 Metaspace       used 70689K, committed 72128K, reserved 1114112K
  class space    used 7117K, committed 7744K, reserved 1048576K
}
Event: 110.890 GC heap after
{Heap after GC invocations=450 (full 3):
 PSYoungGen      total 13312K, used 160K [0x00000000eab00000, 0x00000000eba00000, 0x0000000100000000)
  eden space 12800K, 0% used [0x00000000eab00000,0x00000000eab00000,0x00000000eb780000)
  from space 512K, 31% used [0x00000000eb900000,0x00000000eb928000,0x00000000eb980000)
  to   space 512K, 0% used [0x00000000eb980000,0x00000000eb980000,0x00000000eba00000)
 ParOldGen       total 530432K, used 529955K [0x00000000c0000000, 0x00000000e0600000, 0x00000000eab00000)
  object space 530432K, 99% used [0x00000000c0000000,0x00000000e0588da8,0x00000000e0600000)
 Metaspace       used 70689K, committed 72128K, reserved 1114112K
  class space    used 7117K, committed 7744K, reserved 1048576K
}
Event: 111.197 GC heap before
{Heap before GC invocations=451 (full 3):
 PSYoungGen      total 13312K, used 12959K [0x00000000eab00000, 0x00000000eba00000, 0x0000000100000000)
  eden space 12800K, 99% used [0x00000000eab00000,0x00000000eb77ffb0,0x00000000eb780000)
  from space 512K, 31% used [0x00000000eb900000,0x00000000eb928000,0x00000000eb980000)
  to   space 512K, 0% used [0x00000000eb980000,0x00000000eb980000,0x00000000eba00000)
 ParOldGen       total 530432K, used 529955K [0x00000000c0000000, 0x00000000e0600000, 0x00000000eab00000)
  object space 530432K, 99% used [0x00000000c0000000,0x00000000e0588da8,0x00000000e0600000)
 Metaspace       used 70732K, committed 72192K, reserved 1114112K
  class space    used 7117K, committed 7744K, reserved 1048576K
}
Event: 111.200 GC heap after
{Heap after GC invocations=451 (full 3):
 PSYoungGen      total 13312K, used 192K [0x00000000eab00000, 0x00000000eba00000, 0x0000000100000000)
  eden space 12800K, 0% used [0x00000000eab00000,0x00000000eab00000,0x00000000eb780000)
  from space 512K, 37% used [0x00000000eb980000,0x00000000eb9b0000,0x00000000eba00000)
  to   space 512K, 0% used [0x00000000eb900000,0x00000000eb900000,0x00000000eb980000)
 ParOldGen       total 530432K, used 529995K [0x00000000c0000000, 0x00000000e0600000, 0x00000000eab00000)
  object space 530432K, 99% used [0x00000000c0000000,0x00000000e0592da8,0x00000000e0600000)
 Metaspace       used 70732K, committed 72192K, reserved 1114112K
  class space    used 7117K, committed 7744K, reserved 1048576K
}
Event: 111.869 GC heap before
{Heap before GC invocations=452 (full 3):
 PSYoungGen      total 13312K, used 12992K [0x00000000eab00000, 0x00000000eba00000, 0x0000000100000000)
  eden space 12800K, 100% used [0x00000000eab00000,0x00000000eb780000,0x00000000eb780000)
  from space 512K, 37% used [0x00000000eb980000,0x00000000eb9b0000,0x00000000eba00000)
  to   space 512K, 0% used [0x00000000eb900000,0x00000000eb900000,0x00000000eb980000)
 ParOldGen       total 530432K, used 529995K [0x00000000c0000000, 0x00000000e0600000, 0x00000000eab00000)
  object space 530432K, 99% used [0x00000000c0000000,0x00000000e0592da8,0x00000000e0600000)
 Metaspace       used 70792K, committed 72192K, reserved 1114112K
  class space    used 7119K, committed 7744K, reserved 1048576K
}
Event: 111.872 GC heap after
{Heap after GC invocations=452 (full 3):
 PSYoungGen      total 13312K, used 176K [0x00000000eab00000, 0x00000000eba00000, 0x0000000100000000)
  eden space 12800K, 0% used [0x00000000eab00000,0x00000000eab00000,0x00000000eb780000)
  from space 512K, 34% used [0x00000000eb900000,0x00000000eb92c010,0x00000000eb980000)
  to   space 512K, 0% used [0x00000000eb980000,0x00000000eb980000,0x00000000eba00000)
 ParOldGen       total 530432K, used 530035K [0x00000000c0000000, 0x00000000e0600000, 0x00000000eab00000)
  object space 530432K, 99% used [0x00000000c0000000,0x00000000e059cda8,0x00000000e0600000)
 Metaspace       used 70792K, committed 72192K, reserved 1114112K
  class space    used 7119K, committed 7744K, reserved 1048576K
}
Event: 111.994 GC heap before
{Heap before GC invocations=453 (full 3):
 PSYoungGen      total 13312K, used 12976K [0x00000000eab00000, 0x00000000eba00000, 0x0000000100000000)
  eden space 12800K, 99% used [0x00000000eab00000,0x00000000eb77fff0,0x00000000eb780000)
  from space 512K, 34% used [0x00000000eb900000,0x00000000eb92c010,0x00000000eb980000)
  to   space 512K, 0% used [0x00000000eb980000,0x00000000eb980000,0x00000000eba00000)
 ParOldGen       total 530432K, used 530035K [0x00000000c0000000, 0x00000000e0600000, 0x00000000eab00000)
  object space 530432K, 99% used [0x00000000c0000000,0x00000000e059cda8,0x00000000e0600000)
 Metaspace       used 70803K, committed 72192K, reserved 1114112K
  class space    used 7119K, committed 7744K, reserved 1048576K
}
Event: 111.995 GC heap after
{Heap after GC invocations=453 (full 3):
 PSYoungGen      total 13312K, used 272K [0x00000000eab00000, 0x00000000eba00000, 0x0000000100000000)
  eden space 12800K, 0% used [0x00000000eab00000,0x00000000eab00000,0x00000000eb780000)
  from space 512K, 53% used [0x00000000eb980000,0x00000000eb9c4010,0x00000000eba00000)
  to   space 512K, 0% used [0x00000000eb900000,0x00000000eb900000,0x00000000eb980000)
 ParOldGen       total 530432K, used 530067K [0x00000000c0000000, 0x00000000e0600000, 0x00000000eab00000)
  object space 530432K, 99% used [0x00000000c0000000,0x00000000e05a4da8,0x00000000e0600000)
 Metaspace       used 70803K, committed 72192K, reserved 1114112K
  class space    used 7119K, committed 7744K, reserved 1048576K
}
Event: 112.224 GC heap before
{Heap before GC invocations=454 (full 3):
 PSYoungGen      total 13312K, used 13072K [0x00000000eab00000, 0x00000000eba00000, 0x0000000100000000)
  eden space 12800K, 99% used [0x00000000eab00000,0x00000000eb77fff0,0x00000000eb780000)
  from space 512K, 53% used [0x00000000eb980000,0x00000000eb9c4010,0x00000000eba00000)
  to   space 512K, 0% used [0x00000000eb900000,0x00000000eb900000,0x00000000eb980000)
 ParOldGen       total 530432K, used 530067K [0x00000000c0000000, 0x00000000e0600000, 0x00000000eab00000)
  object space 530432K, 99% used [0x00000000c0000000,0x00000000e05a4da8,0x00000000e0600000)
 Metaspace       used 70819K, committed 72256K, reserved 1114112K
  class space    used 7119K, committed 7744K, reserved 1048576K
}
Event: 112.226 GC heap after
{Heap after GC invocations=454 (full 3):
 PSYoungGen      total 13312K, used 320K [0x00000000eab00000, 0x00000000eba00000, 0x0000000100000000)
  eden space 12800K, 0% used [0x00000000eab00000,0x00000000eab00000,0x00000000eb780000)
  from space 512K, 62% used [0x00000000eb900000,0x00000000eb950000,0x00000000eb980000)
  to   space 512K, 0% used [0x00000000eb980000,0x00000000eb980000,0x00000000eba00000)
 ParOldGen       total 530432K, used 530091K [0x00000000c0000000, 0x00000000e0600000, 0x00000000eab00000)
  object space 530432K, 99% used [0x00000000c0000000,0x00000000e05aada8,0x00000000e0600000)
 Metaspace       used 70819K, committed 72256K, reserved 1114112K
  class space    used 7119K, committed 7744K, reserved 1048576K
}
Event: 112.410 GC heap before
{Heap before GC invocations=455 (full 3):
 PSYoungGen      total 13312K, used 13120K [0x00000000eab00000, 0x00000000eba00000, 0x0000000100000000)
  eden space 12800K, 100% used [0x00000000eab00000,0x00000000eb780000,0x00000000eb780000)
  from space 512K, 62% used [0x00000000eb900000,0x00000000eb950000,0x00000000eb980000)
  to   space 512K, 0% used [0x00000000eb980000,0x00000000eb980000,0x00000000eba00000)
 ParOldGen       total 530432K, used 530091K [0x00000000c0000000, 0x00000000e0600000, 0x00000000eab00000)
  object space 530432K, 99% used [0x00000000c0000000,0x00000000e05aada8,0x00000000e0600000)
 Metaspace       used 70835K, committed 72256K, reserved 1114112K
  class space    used 7119K, committed 7744K, reserved 1048576K
}
Event: 112.415 GC heap after
{Heap after GC invocations=455 (full 3):
 PSYoungGen      total 13312K, used 512K [0x00000000eab00000, 0x00000000eba00000, 0x0000000100000000)
  eden space 12800K, 0% used [0x00000000eab00000,0x00000000eab00000,0x00000000eb780000)
  from space 512K, 100% used [0x00000000eb980000,0x00000000eba00000,0x00000000eba00000)
  to   space 1024K, 0% used [0x00000000eb800000,0x00000000eb800000,0x00000000eb900000)
 ParOldGen       total 530944K, used 530457K [0x00000000c0000000, 0x00000000e0680000, 0x00000000eab00000)
  object space 530944K, 99% used [0x00000000c0000000,0x00000000e0606580,0x00000000e0680000)
 Metaspace       used 70835K, committed 72256K, reserved 1114112K
  class space    used 7119K, committed 7744K, reserved 1048576K
}
Event: 112.643 GC heap before
{Heap before GC invocations=456 (full 3):
 PSYoungGen      total 13312K, used 13312K [0x00000000eab00000, 0x00000000eba00000, 0x0000000100000000)
  eden space 12800K, 100% used [0x00000000eab00000,0x00000000eb780000,0x00000000eb780000)
  from space 512K, 100% used [0x00000000eb980000,0x00000000eba00000,0x00000000eba00000)
  to   space 1024K, 0% used [0x00000000eb800000,0x00000000eb800000,0x00000000eb900000)
 ParOldGen       total 530944K, used 530457K [0x00000000c0000000, 0x00000000e0680000, 0x00000000eab00000)
  object space 530944K, 99% used [0x00000000c0000000,0x00000000e0606580,0x00000000e0680000)
 Metaspace       used 70852K, committed 72320K, reserved 1114112K
  class space    used 7119K, committed 7744K, reserved 1048576K
}
Event: 112.646 GC heap after
{Heap after GC invocations=456 (full 3):
 PSYoungGen      total 13824K, used 464K [0x00000000eab00000, 0x00000000eba00000, 0x0000000100000000)
  eden space 12800K, 0% used [0x00000000eab00000,0x00000000eab00000,0x00000000eb780000)
  from space 1024K, 45% used [0x00000000eb800000,0x00000000eb874010,0x00000000eb900000)
  to   space 1024K, 0% used [0x00000000eb900000,0x00000000eb900000,0x00000000eba00000)
 ParOldGen       total 531456K, used 530957K [0x00000000c0000000, 0x00000000e0700000, 0x00000000eab00000)
  object space 531456K, 99% used [0x00000000c0000000,0x00000000e0683450,0x00000000e0700000)
 Metaspace       used 70852K, committed 72320K, reserved 1114112K
  class space    used 7119K, committed 7744K, reserved 1048576K
}
Event: 112.882 GC heap before
{Heap before GC invocations=457 (full 3):
 PSYoungGen      total 13824K, used 13264K [0x00000000eab00000, 0x00000000eba00000, 0x0000000100000000)
  eden space 12800K, 99% used [0x00000000eab00000,0x00000000eb77fff8,0x00000000eb780000)
  from space 1024K, 45% used [0x00000000eb800000,0x00000000eb874010,0x00000000eb900000)
  to   space 1024K, 0% used [0x00000000eb900000,0x00000000eb900000,0x00000000eba00000)
 ParOldGen       total 531456K, used 530957K [0x00000000c0000000, 0x00000000e0700000, 0x00000000eab00000)
  object space 531456K, 99% used [0x00000000c0000000,0x00000000e0683450,0x00000000e0700000)
 Metaspace       used 70884K, committed 72320K, reserved 1114112K
  class space    used 7119K, committed 7744K, reserved 1048576K
}
Event: 112.886 GC heap after
{Heap after GC invocations=457 (full 3):
 PSYoungGen      total 13312K, used 160K [0x00000000eab00000, 0x00000000eb980000, 0x0000000100000000)
  eden space 12800K, 0% used [0x00000000eab00000,0x00000000eab00000,0x00000000eb780000)
  from space 512K, 31% used [0x00000000eb900000,0x00000000eb928000,0x00000000eb980000)
  to   space 512K, 0% used [0x00000000eb880000,0x00000000eb880000,0x00000000eb900000)
 ParOldGen       total 531456K, used 530997K [0x00000000c0000000, 0x00000000e0700000, 0x00000000eab00000)
  object space 531456K, 99% used [0x00000000c0000000,0x00000000e068d450,0x00000000e0700000)
 Metaspace       used 70884K, committed 72320K, reserved 1114112K
  class space    used 7119K, committed 7744K, reserved 1048576K
}

